{
  "RSpec": {
    "coverage": {
      "/Users/Jacob/theironyard/week_seven/thursday/conference_room_scheduler/spec/controllers/meetings_controller_spec.rb": [
        1,
        null,
        1,
        null,
        1,
        1,
        1,
        1,
        null,
        null,
        null,
        null
      ],
      "/Users/Jacob/theironyard/week_seven/thursday/conference_room_scheduler/spec/rails_helper.rb": [
        null,
        1,
        1,
        1,
        1,
        null,
        null,
        null,
        null,
        null,
        null,
        null,
        null,
        null,
        null,
        null,
        null,
        null,
        null,
        null,
        null,
        null,
        null,
        null,
        1,
        null,
        1,
        null,
        1,
        null,
        null,
        null,
        null,
        1,
        null,
        null,
        null,
        null,
        null,
        null,
        null,
        null,
        null,
        null,
        null,
        null,
        null,
        null,
        1,
        null
      ],
      "/Users/Jacob/theironyard/week_seven/thursday/conference_room_scheduler/config/environment.rb": [
        null,
        1,
        null,
        null,
        1
      ],
      "/Users/Jacob/theironyard/week_seven/thursday/conference_room_scheduler/config/application.rb": [
        1,
        null,
        null,
        1,
        1,
        1,
        1,
        1,
        1,
        1,
        null,
        null,
        null,
        null,
        1,
        null,
        1,
        1,
        null,
        null,
        null,
        null,
        null,
        null,
        null,
        null,
        null,
        null,
        null,
        null,
        null,
        1,
        null,
        null
      ],
      "/Users/Jacob/theironyard/week_seven/thursday/conference_room_scheduler/config/boot.rb": [
        1,
        null,
        1
      ],
      "/Users/Jacob/theironyard/week_seven/thursday/conference_room_scheduler/config/environments/test.rb": [
        1,
        null,
        null,
        null,
        null,
        null,
        null,
        1,
        null,
        null,
        null,
        null,
        1,
        null,
        null,
        1,
        1,
        null,
        null,
        1,
        1,
        null,
        null,
        1,
        null,
        null,
        1,
        null,
        null,
        null,
        null,
        1,
        null,
        null,
        1,
        null,
        null,
        1,
        null,
        null,
        null,
        null
      ],
      "/Users/Jacob/theironyard/week_seven/thursday/conference_room_scheduler/config/initializers/assets.rb": [
        null,
        null,
        null,
        1,
        null,
        null,
        null,
        null,
        null,
        null,
        null
      ],
      "/Users/Jacob/theironyard/week_seven/thursday/conference_room_scheduler/config/initializers/backtrace_silencers.rb": [
        null,
        null,
        null,
        null,
        null,
        null,
        null
      ],
      "/Users/Jacob/theironyard/week_seven/thursday/conference_room_scheduler/config/initializers/cookies_serializer.rb": [
        null,
        null,
        1
      ],
      "/Users/Jacob/theironyard/week_seven/thursday/conference_room_scheduler/config/initializers/devise.rb": [
        null,
        null,
        1,
        null,
        null,
        null,
        null,
        null,
        null,
        null,
        null,
        null,
        1,
        null,
        null,
        null,
        null,
        null,
        null,
        null,
        null,
        1,
        null,
        null,
        null,
        null,
        null,
        null,
        null,
        null,
        null,
        null,
        null,
        null,
        null,
        null,
        null,
        null,
        null,
        null,
        null,
        null,
        null,
        1,
        null,
        null,
        null,
        null,
        1,
        null,
        null,
        null,
        null,
        null,
        null,
        null,
        null,
        null,
        null,
        null,
        null,
        null,
        null,
        null,
        null,
        null,
        null,
        null,
        null,
        null,
        null,
        null,
        null,
        null,
        null,
        null,
        null,
        null,
        null,
        1,
        null,
        null,
        null,
        null,
        null,
        null,
        null,
        null,
        null,
        null,
        null,
        null,
        null,
        null,
        null,
        null,
        1,
        null,
        null,
        null,
        null,
        null,
        null,
        null,
        null,
        null,
        null,
        null,
        null,
        null,
        null,
        null,
        null,
        null,
        null,
        null,
        null,
        null,
        null,
        null,
        null,
        1,
        null,
        null,
        null,
        null,
        null,
        null,
        null,
        null,
        null,
        1,
        null,
        null,
        null,
        null,
        null,
        null,
        null,
        null,
        null,
        null,
        1,
        null,
        null,
        null,
        null,
        null,
        null,
        null,
        null,
        null,
        null,
        null,
        null,
        null,
        null,
        null,
        null,
        null,
        null,
        null,
        null,
        null,
        null,
        null,
        null,
        null,
        null,
        null,
        null,
        null,
        null,
        null,
        null,
        null,
        null,
        null,
        null,
        null,
        null,
        null,
        null,
        null,
        null,
        null,
        null,
        null,
        null,
        null,
        null,
        1,
        null,
        null,
        null,
        null,
        null,
        null,
        null,
        null,
        null,
        null,
        null,
        null,
        null,
        null,
        null,
        null,
        null,
        null,
        null,
        null,
        null,
        null,
        null,
        null,
        null,
        null,
        null,
        null,
        null,
        null,
        null,
        null,
        null,
        null,
        null,
        null,
        null,
        1,
        null,
        null,
        null,
        null,
        null,
        null,
        null,
        null,
        null,
        null,
        null,
        null,
        null,
        null,
        null,
        null,
        null,
        null,
        null,
        null,
        null,
        null,
        null,
        null,
        null,
        null,
        null,
        null,
        null
      ],
      "/Users/Jacob/theironyard/week_seven/thursday/conference_room_scheduler/config/initializers/filter_parameter_logging.rb": [
        null,
        null,
        null,
        1
      ],
      "/Users/Jacob/theironyard/week_seven/thursday/conference_room_scheduler/config/initializers/inflections.rb": [
        null,
        null,
        null,
        null,
        null,
        null,
        null,
        null,
        null,
        null,
        null,
        null,
        null,
        null,
        null,
        null
      ],
      "/Users/Jacob/theironyard/week_seven/thursday/conference_room_scheduler/config/initializers/mime_types.rb": [
        null,
        null,
        null,
        null
      ],
      "/Users/Jacob/theironyard/week_seven/thursday/conference_room_scheduler/config/initializers/session_store.rb": [
        null,
        null,
        1
      ],
      "/Users/Jacob/theironyard/week_seven/thursday/conference_room_scheduler/config/initializers/simple_form.rb": [
        null,
        1,
        null,
        null,
        null,
        null,
        null,
        1,
        null,
        null,
        null,
        null,
        null,
        null,
        null,
        null,
        null,
        1,
        null,
        null,
        null,
        1,
        null,
        null,
        null,
        null,
        null,
        null,
        null,
        null,
        1,
        null,
        null,
        1,
        null,
        null,
        1,
        null,
        null,
        1,
        null,
        null,
        1,
        1,
        1,
        null,
        null,
        null,
        null,
        null,
        null,
        null,
        null,
        null,
        1,
        null,
        null,
        null,
        null,
        null,
        1,
        null,
        null,
        1,
        null,
        null,
        null,
        null,
        null,
        null,
        null,
        1,
        null,
        null,
        1,
        null,
        null,
        null,
        null,
        null,
        null,
        null,
        null,
        null,
        null,
        null,
        null,
        null,
        null,
        null,
        null,
        null,
        null,
        null,
        null,
        null,
        null,
        null,
        null,
        null,
        null,
        null,
        null,
        null,
        null,
        null,
        null,
        null,
        null,
        null,
        null,
        null,
        null,
        null,
        null,
        null,
        null,
        null,
        null,
        null,
        1,
        null,
        null,
        null,
        null,
        null,
        null,
        null,
        null,
        null,
        null,
        null,
        null,
        null,
        null,
        null,
        null,
        null,
        null,
        null,
        null,
        null,
        null,
        null,
        null,
        null,
        null,
        null,
        null,
        null,
        null,
        null,
        null,
        null,
        null,
        null,
        null,
        1,
        null,
        null,
        null,
        null,
        null,
        null,
        null,
        null
      ],
      "/Users/Jacob/theironyard/week_seven/thursday/conference_room_scheduler/config/initializers/simple_form_bootstrap.rb": [
        null,
        1,
        1,
        1,
        1,
        null,
        1,
        1,
        1,
        1,
        1,
        1,
        1,
        1,
        null,
        1,
        1,
        1,
        null,
        null,
        1,
        1,
        1,
        1,
        1,
        1,
        null,
        1,
        1,
        1,
        null,
        null,
        1,
        1,
        1,
        null,
        1,
        1,
        null,
        null,
        1,
        1,
        null,
        null,
        1,
        1,
        1,
        1,
        1,
        1,
        1,
        null,
        null,
        1,
        1,
        1,
        1,
        1,
        1,
        1,
        1,
        null,
        1,
        1,
        1,
        1,
        null,
        null,
        null,
        1,
        1,
        1,
        1,
        1,
        1,
        null,
        1,
        1,
        1,
        1,
        null,
        null,
        null,
        1,
        1,
        1,
        null,
        1,
        1,
        1,
        null,
        null,
        1,
        1,
        null,
        null,
        null,
        1,
        1,
        1,
        null,
        1,
        null,
        1,
        1,
        1,
        1,
        null,
        null,
        null,
        1,
        1,
        1,
        1,
        1,
        1,
        1,
        1,
        null,
        1,
        1,
        1,
        null,
        null,
        null,
        null,
        null,
        null,
        1,
        1,
        null,
        null,
        null,
        null,
        null,
        null
      ],
      "/Users/Jacob/theironyard/week_seven/thursday/conference_room_scheduler/config/initializers/wrap_parameters.rb": [
        null,
        null,
        null,
        null,
        null,
        null,
        1,
        1,
        null,
        null,
        null,
        null,
        null,
        null
      ],
      "/Users/Jacob/theironyard/week_seven/thursday/conference_room_scheduler/config/routes.rb": [
        1,
        1,
        1,
        1,
        null,
        null,
        1,
        1,
        null,
        1,
        null,
        1,
        null,
        1,
        null,
        1,
        null,
        1,
        1,
        null,
        null,
        null,
        null,
        null,
        null,
        null,
        null,
        null,
        null,
        null,
        null,
        null,
        null,
        null,
        null,
        null,
        null,
        null,
        null,
        null,
        null,
        null,
        null,
        null,
        null,
        null,
        null,
        null,
        null,
        null,
        null,
        null,
        null,
        null,
        null,
        null,
        null,
        null,
        null,
        null,
        null,
        null,
        null,
        null,
        null,
        null,
        null,
        null,
        null,
        null,
        null,
        null,
        null,
        null
      ],
      "/Users/Jacob/theironyard/week_seven/thursday/conference_room_scheduler/app/models/user.rb": [
        1,
        null,
        null,
        1,
        null,
        1,
        null
      ],
      "/Users/Jacob/theironyard/week_seven/thursday/conference_room_scheduler/app/helpers/application_helper.rb": [
        1,
        null
      ],
      "/Users/Jacob/theironyard/week_seven/thursday/conference_room_scheduler/app/helpers/meetings_helper.rb": [
        1,
        null
      ],
      "/Users/Jacob/theironyard/week_seven/thursday/conference_room_scheduler/app/helpers/rooms_helper.rb": [
        1,
        null
      ],
      "/Users/Jacob/theironyard/week_seven/thursday/conference_room_scheduler/app/helpers/users_helper.rb": [
        1,
        null
      ],
      "/Users/Jacob/theironyard/week_seven/thursday/conference_room_scheduler/app/helpers/welcome_helper.rb": [
        1,
        null
      ],
      "/Users/Jacob/theironyard/week_seven/thursday/conference_room_scheduler/app/controllers/meetings_controller.rb": [
        1,
        1,
        null,
        null
      ],
      "/Users/Jacob/theironyard/week_seven/thursday/conference_room_scheduler/app/controllers/application_controller.rb": [
        1,
        null,
        null,
        1,
        1,
        null,
        1,
        null,
        1,
        0,
        null,
        null,
        null
      ],
      "/Users/Jacob/theironyard/week_seven/thursday/conference_room_scheduler/spec/controllers/rooms_controller_spec.rb": [
        1,
        null,
        1,
        null,
        1,
        1,
        1,
        1,
        null,
        null,
        null,
        1,
        1,
        1,
        1,
        null,
        null,
        null,
        null
      ],
      "/Users/Jacob/theironyard/week_seven/thursday/conference_room_scheduler/app/controllers/rooms_controller.rb": [
        1,
        1,
        null,
        null,
        1,
        null,
        null
      ],
      "/Users/Jacob/theironyard/week_seven/thursday/conference_room_scheduler/spec/controllers/users_controller_spec.rb": [
        1,
        null,
        1,
        null,
        1,
        1,
        1,
        1,
        null,
        null,
        null,
        null
      ],
      "/Users/Jacob/theironyard/week_seven/thursday/conference_room_scheduler/app/controllers/users_controller.rb": [
        1,
        1,
        null,
        null
      ],
      "/Users/Jacob/theironyard/week_seven/thursday/conference_room_scheduler/spec/controllers/welcome_controller_spec.rb": [
        1,
        null,
        1,
        null,
        1,
        1,
        1,
        1,
        null,
        null,
        null,
        null
      ],
      "/Users/Jacob/theironyard/week_seven/thursday/conference_room_scheduler/app/controllers/welcome_controller.rb": [
        1,
        1,
        null,
        null
      ],
      "/Users/Jacob/theironyard/week_seven/thursday/conference_room_scheduler/spec/helpers/meetings_helper_spec.rb": [
        1,
        null,
        null,
        null,
        null,
        null,
        null,
        null,
        null,
        null,
        null,
        null,
        1,
        1,
        null
      ],
      "/Users/Jacob/theironyard/week_seven/thursday/conference_room_scheduler/spec/helpers/rooms_helper_spec.rb": [
        1,
        null,
        null,
        null,
        null,
        null,
        null,
        null,
        null,
        null,
        null,
        null,
        1,
        1,
        null
      ],
      "/Users/Jacob/theironyard/week_seven/thursday/conference_room_scheduler/spec/helpers/users_helper_spec.rb": [
        1,
        null,
        null,
        null,
        null,
        null,
        null,
        null,
        null,
        null,
        null,
        null,
        1,
        1,
        null
      ],
      "/Users/Jacob/theironyard/week_seven/thursday/conference_room_scheduler/spec/helpers/welcome_helper_spec.rb": [
        1,
        null,
        null,
        null,
        null,
        null,
        null,
        null,
        null,
        null,
        null,
        null,
        1,
        1,
        null
      ],
      "/Users/Jacob/theironyard/week_seven/thursday/conference_room_scheduler/spec/models/meeting_spec.rb": [
        1,
        null,
        1,
        1,
        null
      ],
      "/Users/Jacob/theironyard/week_seven/thursday/conference_room_scheduler/app/models/meeting.rb": [
        1,
        1,
        1,
        null
      ],
      "/Users/Jacob/theironyard/week_seven/thursday/conference_room_scheduler/spec/models/room_spec.rb": [
        1,
        null,
        1,
        1,
        null
      ],
      "/Users/Jacob/theironyard/week_seven/thursday/conference_room_scheduler/app/models/room.rb": [
        1,
        1,
        1,
        1,
        null,
        null,
        null
      ],
      "/Users/Jacob/theironyard/week_seven/thursday/conference_room_scheduler/spec/models/user_spec.rb": [
        1,
        null,
        1,
        1,
        null
      ],
      "/Users/Jacob/theironyard/week_seven/thursday/conference_room_scheduler/spec/views/meetings/create.html.erb_spec.rb": [
        1,
        null,
        1,
        1,
        null
      ],
      "/Users/Jacob/theironyard/week_seven/thursday/conference_room_scheduler/spec/views/rooms/room_display.html.erb_spec.rb": [
        1,
        null,
        1,
        1,
        null
      ],
      "/Users/Jacob/theironyard/week_seven/thursday/conference_room_scheduler/spec/views/rooms/room_show.html.erb_spec.rb": [
        1,
        null,
        1,
        1,
        null
      ],
      "/Users/Jacob/theironyard/week_seven/thursday/conference_room_scheduler/spec/views/users/profile_page.html.erb_spec.rb": [
        1,
        null,
        1,
        1,
        null
      ],
      "/Users/Jacob/theironyard/week_seven/thursday/conference_room_scheduler/spec/views/welcome/index.html.erb_spec.rb": [
        1,
        null,
        1,
        1,
        null
      ]
    },
    "timestamp": 1424649312
  },
  "Cucumber Features": {
    "coverage": {
      "/Users/Jacob/theironyard/week_seven/thursday/conference_room_scheduler/features/step_definitions/shared_steps.rb": [
        1,
        4,
        null,
        null,
        1,
        6,
        null,
        null,
        1,
        2,
        null,
        null,
        1,
        5,
        null,
        null,
        null
      ],
      "/Users/Jacob/theironyard/week_seven/thursday/conference_room_scheduler/features/step_definitions/user_auth.rb": [
        1,
        null,
        null,
        null,
        1,
        1,
        null,
        null,
        null,
        null,
        null,
        null,
        null,
        1,
        1,
        null,
        null,
        1,
        0,
        null
      ],
      "/Users/Jacob/theironyard/week_seven/thursday/conference_room_scheduler/app/controllers/rooms_controller.rb": [
        1,
        1,
        null,
        1,
        0,
        0,
        null,
        null,
        1,
        0,
        null,
        null,
        1,
        0,
        null,
        null,
        1,
        0,
        0,
        0,
        null,
        0,
        null,
        null,
        null,
        1,
        null,
        1,
        0,
        null,
        null
      ],
      "/Users/Jacob/theironyard/week_seven/thursday/conference_room_scheduler/app/controllers/application_controller.rb": [
        1,
        null,
        null,
        1,
        1,
        null,
        1,
        null,
        1,
        7,
        null,
        null,
        null
      ],
      "/Users/Jacob/theironyard/week_seven/thursday/conference_room_scheduler/app/helpers/application_helper.rb": [
        1,
        null
      ],
      "/Users/Jacob/theironyard/week_seven/thursday/conference_room_scheduler/app/helpers/comments_helper.rb": [
        1,
        null
      ],
      "/Users/Jacob/theironyard/week_seven/thursday/conference_room_scheduler/app/helpers/meetings_helper.rb": [
        1,
        null
      ],
      "/Users/Jacob/theironyard/week_seven/thursday/conference_room_scheduler/app/helpers/rooms_helper.rb": [
        1,
        null
      ],
      "/Users/Jacob/theironyard/week_seven/thursday/conference_room_scheduler/app/helpers/users_helper.rb": [
        1,
        null
      ],
      "/Users/Jacob/theironyard/week_seven/thursday/conference_room_scheduler/app/helpers/welcome_helper.rb": [
        1,
        null
      ],
      "/Users/Jacob/theironyard/week_seven/thursday/conference_room_scheduler/app/controllers/welcome_controller.rb": [
        1,
        1,
        null,
        null
      ]
    },
    "timestamp": 1425418171
  }
}
